# JRE version: OpenJDK Runtime Environment (11.0.8+10) (build 11.0.8+10-b944.6842174)
# Java VM: OpenJDK 64-Bit Server VM (11.0.8+10-b944.6842174, mixed mode, tiered, compressed oops, g1 gc, windows-amd64)
Heap:
 garbage-first heap   total 129024K, used 68981K [0x0000000080000000, 0x0000000100000000)
  region size 1024K, 21 young (21504K), 7 survivors (7168K)
 Metaspace       used 74996K, capacity 76842K, committed 77004K, reserved 1116160K
  class space    used 9836K, capacity 10451K, committed 10496K, reserved 1048576K
GC Heap History (20 events):
Event: 8.949 GC heap before
{Heap before GC invocations=6 (full 0):
 garbage-first heap   total 129024K, used 24446K [0x0000000080000000, 0x0000000100000000)
  region size 1024K, 10 young (10240K), 6 survivors (6144K)
 Metaspace       used 35099K, capacity 35817K, committed 35840K, reserved 1081344K
  class space    used 4566K, capacity 4856K, committed 4864K, reserved 1048576K
}
Event: 8.959 GC heap after
{Heap after GC invocations=7 (full 0):
 garbage-first heap   total 129024K, used 21895K [0x0000000080000000, 0x0000000100000000)
  region size 1024K, 4 young (4096K), 4 survivors (4096K)
 Metaspace       used 35099K, capacity 35817K, committed 35840K, reserved 1081344K
  class space    used 4566K, capacity 4856K, committed 4864K, reserved 1048576K
}
Event: 9.781 GC heap before
{Heap before GC invocations=8 (full 0):
 garbage-first heap   total 129024K, used 79239K [0x0000000080000000, 0x0000000100000000)
  region size 1024K, 57 young (58368K), 4 survivors (4096K)
 Metaspace       used 40534K, capacity 41482K, committed 41600K, reserved 1085440K
  class space    used 5178K, capacity 5501K, committed 5504K, reserved 1048576K
}
Event: 9.790 GC heap after
{Heap after GC invocations=9 (full 0):
 garbage-first heap   total 129024K, used 24677K [0x0000000080000000, 0x0000000100000000)
  region size 1024K, 7 young (7168K), 7 survivors (7168K)
 Metaspace       used 40534K, capacity 41482K, committed 41600K, reserved 1085440K
  class space    used 5178K, capacity 5501K, committed 5504K, reserved 1048576K
}
Event: 10.727 GC heap before
{Heap before GC invocations=9 (full 0):
 garbage-first heap   total 129024K, used 80997K [0x0000000080000000, 0x0000000100000000)
  region size 1024K, 62 young (63488K), 7 survivors (7168K)
 Metaspace       used 44136K, capacity 45218K, committed 45568K, reserved 1089536K
  class space    used 5668K, capacity 6025K, committed 6144K, reserved 1048576K
}
Event: 10.735 GC heap after
{Heap after GC invocations=10 (full 0):
 garbage-first heap   total 129024K, used 27528K [0x0000000080000000, 0x0000000100000000)
  region size 1024K, 7 young (7168K), 7 survivors (7168K)
 Metaspace       used 44136K, capacity 45218K, committed 45568K, reserved 1089536K
  class space    used 5668K, capacity 6025K, committed 6144K, reserved 1048576K
}
Event: 11.954 GC heap before
{Heap before GC invocations=10 (full 0):
 garbage-first heap   total 129024K, used 87944K [0x0000000080000000, 0x0000000100000000)
  region size 1024K, 64 young (65536K), 7 survivors (7168K)
 Metaspace       used 49460K, capacity 50630K, committed 50816K, reserved 1093632K
  class space    used 6301K, capacity 6706K, committed 6784K, reserved 1048576K
}
Event: 11.963 GC heap after
{Heap after GC invocations=11 (full 0):
 garbage-first heap   total 129024K, used 38004K [0x0000000080000000, 0x0000000100000000)
  region size 1024K, 8 young (8192K), 8 survivors (8192K)
 Metaspace       used 49460K, capacity 50630K, committed 50816K, reserved 1093632K
  class space    used 6301K, capacity 6706K, committed 6784K, reserved 1048576K
}
Event: 12.930 GC heap before
{Heap before GC invocations=11 (full 0):
 garbage-first heap   total 129024K, used 90228K [0x0000000080000000, 0x0000000100000000)
  region size 1024K, 59 young (60416K), 8 survivors (8192K)
 Metaspace       used 56449K, capacity 57841K, committed 57856K, reserved 1099776K
  class space    used 7188K, capacity 7678K, committed 7680K, reserved 1048576K
}
Event: 12.938 GC heap after
{Heap after GC invocations=12 (full 0):
 garbage-first heap   total 129024K, used 41794K [0x0000000080000000, 0x0000000100000000)
  region size 1024K, 4 young (4096K), 4 survivors (4096K)
 Metaspace       used 56449K, capacity 57841K, committed 57856K, reserved 1099776K
  class space    used 7188K, capacity 7678K, committed 7680K, reserved 1048576K
}
Event: 13.337 GC heap before
{Heap before GC invocations=12 (full 0):
 garbage-first heap   total 129024K, used 62274K [0x0000000080000000, 0x0000000100000000)
  region size 1024K, 25 young (25600K), 4 survivors (4096K)
 Metaspace       used 58692K, capacity 60143K, committed 60160K, reserved 1101824K
  class space    used 7436K, capacity 7922K, committed 7936K, reserved 1048576K
}
Event: 13.344 GC heap after
{Heap after GC invocations=13 (full 0):
 garbage-first heap   total 129024K, used 43951K [0x0000000080000000, 0x0000000100000000)
  region size 1024K, 6 young (6144K), 6 survivors (6144K)
 Metaspace       used 58692K, capacity 60143K, committed 60160K, reserved 1101824K
  class space    used 7436K, capacity 7922K, committed 7936K, reserved 1048576K
}
Event: 14.031 GC heap before
{Heap before GC invocations=14 (full 0):
 garbage-first heap   total 129024K, used 91055K [0x0000000080000000, 0x0000000100000000)
  region size 1024K, 52 young (53248K), 6 survivors (6144K)
 Metaspace       used 61057K, capacity 62582K, committed 62796K, reserved 1103872K
  class space    used 7775K, capacity 8303K, committed 8320K, reserved 1048576K
}
Event: 14.043 GC heap after
{Heap after GC invocations=15 (full 0):
 garbage-first heap   total 129024K, used 47159K [0x0000000080000000, 0x0000000100000000)
  region size 1024K, 6 young (6144K), 6 survivors (6144K)
 Metaspace       used 61057K, capacity 62582K, committed 62796K, reserved 1103872K
  class space    used 7775K, capacity 8303K, committed 8320K, reserved 1048576K
}
Event: 14.719 GC heap before
{Heap before GC invocations=15 (full 0):
 garbage-first heap   total 129024K, used 93239K [0x0000000080000000, 0x0000000100000000)
  region size 1024K, 51 young (52224K), 6 survivors (6144K)
 Metaspace       used 64702K, capacity 66238K, committed 66508K, reserved 1107968K
  class space    used 8411K, capacity 8944K, committed 8960K, reserved 1048576K
}
Event: 14.729 GC heap after
{Heap after GC invocations=16 (full 0):
 garbage-first heap   total 129024K, used 50431K [0x0000000080000000, 0x0000000100000000)
  region size 1024K, 4 young (4096K), 4 survivors (4096K)
 Metaspace       used 64702K, capacity 66238K, committed 66508K, reserved 1107968K
  class space    used 8411K, capacity 8944K, committed 8960K, reserved 1048576K
}
Event: 15.491 GC heap before
{Heap before GC invocations=16 (full 0):
 garbage-first heap   total 129024K, used 96511K [0x0000000080000000, 0x0000000100000000)
  region size 1024K, 49 young (50176K), 4 survivors (4096K)
 Metaspace       used 68220K, capacity 69879K, committed 69964K, reserved 1110016K
  class space    used 8940K, capacity 9528K, committed 9600K, reserved 1048576K
}
Event: 15.499 GC heap after
{Heap after GC invocations=17 (full 0):
 garbage-first heap   total 129024K, used 53171K [0x0000000080000000, 0x0000000100000000)
  region size 1024K, 7 young (7168K), 7 survivors (7168K)
 Metaspace       used 68220K, capacity 69879K, committed 69964K, reserved 1110016K
  class space    used 8940K, capacity 9528K, committed 9600K, reserved 1048576K
}
Event: 16.254 GC heap before
{Heap before GC invocations=17 (full 0):
 garbage-first heap   total 129024K, used 98227K [0x0000000080000000, 0x0000000100000000)
  region size 1024K, 52 young (53248K), 7 survivors (7168K)
 Metaspace       used 73351K, capacity 75215K, committed 75468K, reserved 1114112K
  class space    used 9570K, capacity 10176K, committed 10240K, reserved 1048576K
}
Event: 16.263 GC heap after
{Heap after GC invocations=18 (full 0):
 garbage-first heap   total 129024K, used 56693K [0x0000000080000000, 0x0000000100000000)
  region size 1024K, 7 young (7168K), 7 survivors (7168K)
 Metaspace       used 73351K, capacity 75215K, committed 75468K, reserved 1114112K
  class space    used 9570K, capacity 10176K, committed 10240K, reserved 1048576K
}

